# JRE version: OpenJDK Runtime Environment Microsoft-11933218 (21.0.8+9) (build 21.0.8+9-LTS)
# Java VM: OpenJDK 64-Bit Server VM Microsoft-11933218 (21.0.8+9-LTS, mixed mode, sharing, tiered, compressed oops, compressed class ptrs, g1 gc, windows-amd64)
GC Precious Log:
 CardTable entry size: 512
 Card Set container configuration: InlinePtr #cards 5 size 8 Array Of Cards #cards 12 size 40 Howl #buckets 4 coarsen threshold 1843 Howl Bitmap #cards 512 size 80 coarsen threshold 460 Card regions per heap region 1 cards per card region 2048
 CPUs: 12 total, 12 available
 Memory: 7876M
 Large Page Support: Disabled
 NUMA Support: Disabled
 Compressed Oops: Enabled (32-bit)
 Heap Region Size: 1M
 Heap Min Capacity: 8M
 Heap Initial Capacity: 124M
 Heap Max Capacity: 1G
 Pre-touch: Disabled
 Parallel Workers: 10
 Concurrent Workers: 3
 Concurrent Refinement Workers: 10
 Periodic GC: Disabled
Heap:
 garbage-first heap   total 135168K, used 101296K [0x00000000c0000000, 0x0000000100000000)
  region size 1024K, 4 young (4096K), 4 survivors (4096K)
 Metaspace       used 7843K, committed 8128K, reserved 1114112K
  class space    used 965K, committed 1088K, reserved 1048576K
GC Heap History (20 events):
Event: 2.451 GC heap after
{Heap after GC invocations=1 (full 0):
 garbage-first heap   total 126976K, used 9152K [0x00000000c0000000, 0x0000000100000000)
  region size 1024K, 3 young (3072K), 3 survivors (3072K)
 Metaspace       used 3381K, committed 3584K, reserved 1114112K
  class space    used 352K, committed 448K, reserved 1048576K
}
Event: 4.571 GC heap before
{Heap before GC invocations=1 (full 0):
 garbage-first heap   total 126976K, used 35776K [0x00000000c0000000, 0x0000000100000000)
  region size 1024K, 25 young (25600K), 3 survivors (3072K)
 Metaspace       used 5704K, committed 5952K, reserved 1114112K
  class space    used 641K, committed 768K, reserved 1048576K
}
Event: 4.603 GC heap after
{Heap after GC invocations=2 (full 0):
 garbage-first heap   total 126976K, used 14098K [0x00000000c0000000, 0x0000000100000000)
  region size 1024K, 4 young (4096K), 4 survivors (4096K)
 Metaspace       used 5704K, committed 5952K, reserved 1114112K
  class space    used 641K, committed 768K, reserved 1048576K
}
Event: 6.058 GC heap before
{Heap before GC invocations=2 (full 0):
 garbage-first heap   total 126976K, used 47890K [0x00000000c0000000, 0x0000000100000000)
  region size 1024K, 38 young (38912K), 4 survivors (4096K)
 Metaspace       used 5719K, committed 5952K, reserved 1114112K
  class space    used 641K, committed 768K, reserved 1048576K
}
Event: 6.077 GC heap after
{Heap after GC invocations=3 (full 0):
 garbage-first heap   total 126976K, used 23552K [0x00000000c0000000, 0x0000000100000000)
  region size 1024K, 5 young (5120K), 5 survivors (5120K)
 Metaspace       used 5719K, committed 5952K, reserved 1114112K
  class space    used 641K, committed 768K, reserved 1048576K
}
Event: 7.443 GC heap before
{Heap before GC invocations=3 (full 0):
 garbage-first heap   total 126976K, used 72704K [0x00000000c0000000, 0x0000000100000000)
  region size 1024K, 53 young (54272K), 5 survivors (5120K)
 Metaspace       used 5725K, committed 5952K, reserved 1114112K
  class space    used 641K, committed 768K, reserved 1048576K
}
Event: 7.463 GC heap after
{Heap after GC invocations=4 (full 0):
 garbage-first heap   total 126976K, used 36864K [0x00000000c0000000, 0x0000000100000000)
  region size 1024K, 7 young (7168K), 7 survivors (7168K)
 Metaspace       used 5725K, committed 5952K, reserved 1114112K
  class space    used 641K, committed 768K, reserved 1048576K
}
Event: 8.388 GC heap before
{Heap before GC invocations=4 (full 0):
 garbage-first heap   total 126976K, used 82944K [0x00000000c0000000, 0x0000000100000000)
  region size 1024K, 52 young (53248K), 7 survivors (7168K)
 Metaspace       used 5726K, committed 5952K, reserved 1114112K
  class space    used 641K, committed 768K, reserved 1048576K
}
Event: 8.406 GC heap after
{Heap after GC invocations=5 (full 0):
 garbage-first heap   total 126976K, used 49664K [0x00000000c0000000, 0x0000000100000000)
  region size 1024K, 7 young (7168K), 7 survivors (7168K)
 Metaspace       used 5726K, committed 5952K, reserved 1114112K
  class space    used 641K, committed 768K, reserved 1048576K
}
Event: 9.299 GC heap before
{Heap before GC invocations=5 (full 0):
 garbage-first heap   total 126976K, used 93696K [0x00000000c0000000, 0x0000000100000000)
  region size 1024K, 48 young (49152K), 7 survivors (7168K)
 Metaspace       used 5730K, committed 5952K, reserved 1114112K
  class space    used 641K, committed 768K, reserved 1048576K
}
Event: 9.313 GC heap after
{Heap after GC invocations=6 (full 0):
 garbage-first heap   total 126976K, used 61440K [0x00000000c0000000, 0x0000000100000000)
  region size 1024K, 6 young (6144K), 6 survivors (6144K)
 Metaspace       used 5730K, committed 5952K, reserved 1114112K
  class space    used 641K, committed 768K, reserved 1048576K
}
Event: 10.940 GC heap before
{Heap before GC invocations=6 (full 0):
 garbage-first heap   total 126976K, used 99328K [0x00000000c0000000, 0x0000000100000000)
  region size 1024K, 43 young (44032K), 6 survivors (6144K)
 Metaspace       used 7584K, committed 7872K, reserved 1114112K
  class space    used 931K, committed 1088K, reserved 1048576K
}
Event: 11.003 GC heap after
{Heap after GC invocations=7 (full 0):
 garbage-first heap   total 126976K, used 72704K [0x00000000c0000000, 0x0000000100000000)
  region size 1024K, 6 young (6144K), 6 survivors (6144K)
 Metaspace       used 7584K, committed 7872K, reserved 1114112K
  class space    used 931K, committed 1088K, reserved 1048576K
}
Event: 11.550 GC heap before
{Heap before GC invocations=7 (full 0):
 garbage-first heap   total 126976K, used 103424K [0x00000000c0000000, 0x0000000100000000)
  region size 1024K, 37 young (37888K), 6 survivors (6144K)
 Metaspace       used 7827K, committed 8128K, reserved 1114112K
  class space    used 961K, committed 1088K, reserved 1048576K
}
Event: 11.617 GC heap after
{Heap after GC invocations=8 (full 0):
 garbage-first heap   total 126976K, used 80896K [0x00000000c0000000, 0x0000000100000000)
  region size 1024K, 5 young (5120K), 5 survivors (5120K)
 Metaspace       used 7827K, committed 8128K, reserved 1114112K
  class space    used 961K, committed 1088K, reserved 1048576K
}
Event: 11.923 GC heap before
{Heap before GC invocations=9 (full 0):
 garbage-first heap   total 135168K, used 107520K [0x00000000c0000000, 0x0000000100000000)
  region size 1024K, 31 young (31744K), 5 survivors (5120K)
 Metaspace       used 7833K, committed 8128K, reserved 1114112K
  class space    used 963K, committed 1088K, reserved 1048576K
}
Event: 11.962 GC heap after
{Heap after GC invocations=10 (full 0):
 garbage-first heap   total 135168K, used 88576K [0x00000000c0000000, 0x0000000100000000)
  region size 1024K, 4 young (4096K), 4 survivors (4096K)
 Metaspace       used 7833K, committed 8128K, reserved 1114112K
  class space    used 963K, committed 1088K, reserved 1048576K
}
Event: 12.178 GC heap before
{Heap before GC invocations=10 (full 0):
 garbage-first heap   total 135168K, used 115200K [0x00000000c0000000, 0x0000000100000000)
  region size 1024K, 30 young (30720K), 4 survivors (4096K)
 Metaspace       used 7833K, committed 8128K, reserved 1114112K
  class space    used 963K, committed 1088K, reserved 1048576K
}
Event: 12.219 GC heap after
{Heap after GC invocations=11 (full 0):
 garbage-first heap   total 135168K, used 95221K [0x00000000c0000000, 0x0000000100000000)
  region size 1024K, 4 young (4096K), 4 survivors (4096K)
 Metaspace       used 7833K, committed 8128K, reserved 1114112K
  class space    used 963K, committed 1088K, reserved 1048576K
}
Event: 13.474 GC heap before
{Heap before GC invocations=11 (full 0):
 garbage-first heap   total 135168K, used 117749K [0x00000000c0000000, 0x0000000100000000)
  region size 1024K, 27 young (27648K), 4 survivors (4096K)
 Metaspace       used 7843K, committed 8128K, reserved 1114112K
  class space    used 965K, committed 1088K, reserved 1048576K
}

